# Nmap 7.94SVN scan initiated Wed May 22 17:13:07 2024 as: nmap -A -p- -vv -oN NFS_scan.out 10.10.10.183
Increasing send delay for 10.10.10.183 from 0 to 5 due to 49 out of 162 dropped probes since last increase.
Nmap scan report for 10.10.10.183
Host is up, received conn-refused (0.17s latency).
Scanned at 2024-05-22 17:13:07 PDT for 3482s
Not shown: 65528 closed tcp ports (conn-refused)
PORT      STATE SERVICE  REASON  VERSION
22/tcp    open  ssh      syn-ack OpenSSH 7.6p1 Ubuntu 4ubuntu0.3 (Ubuntu Linux; protocol 2.0)
| ssh-hostkey: 
|   2048 73:92:8e:04:de:40:fb:9c:90:f9:cf:42:70:c8:45:a7 (RSA)
| ssh-rsa AAAAB3NzaC1yc2EAAAADAQABAAABAQDEQIafB/d+8xhCVa/WJUjV/xtzU7h9fmdPMEVWEobVN59eusBnBD19rp08xrjFOkvHdLSe3XCaDSSreOd4m9If73vzGT/dpXO4kj2Je+p2ALDLLr0vbA+/EVrFJjsbKJ6OLNWGw2nD6romEld++MLOI0SbY9zaM3ov4hwQZ2Fnp9QF5OAt3zqIyxk5Xr99gpm/i4mk3YtA+3I1WHpdLE5Uw41aOVYapowLh+sG1Uyi8dxnI7WJ04DywrUftJam/ajlY6QAiWDR96QRw7RuNJ+8dOLDj7JT+aNREvSTrSWahn+clpIwCgDuVUYy36BEfyTpC/JyTtuS077Bj8vv8NLl
|   256 6d:63:d6:b8:0a:67:fd:86:f1:22:30:2b:2d:27:1e:ff (ECDSA)
| ecdsa-sha2-nistp256 AAAAE2VjZHNhLXNoYTItbmlzdHAyNTYAAAAIbmlzdHAyNTYAAABBBIL2RAJwSBEjlVNFa6km4BnXrbfxBqanFGsc8V7KPraGwGaJkBCtaUpVRQmPXQHhNePswl4UI2rsxVLcw/DYQ4s=
|   256 bd:08:97:79:63:0f:80:7c:7f:e8:50:dc:59:cf:39:5e (ED25519)
|_ssh-ed25519 AAAAC3NzaC1lZDI1NTE5AAAAINqYlGyJzySWsOMejWbc9mf3mFzerVbrty8i6PCOR7lv
111/tcp   open  rpcbind  syn-ack 2-4 (RPC #100000)
| rpcinfo: 
|   program version    port/proto  service
|   100000  2,3,4        111/tcp   rpcbind
|   100000  2,3,4        111/udp   rpcbind
|   100000  3,4          111/tcp6  rpcbind
|   100000  3,4          111/udp6  rpcbind
|   100003  3           2049/udp   nfs
|   100003  3           2049/udp6  nfs
|   100003  3,4         2049/tcp   nfs
|   100003  3,4         2049/tcp6  nfs
|   100005  1,2,3      32993/udp6  mountd
|   100005  1,2,3      41429/udp   mountd
|   100005  1,2,3      56807/tcp   mountd
|   100005  1,2,3      57001/tcp6  mountd
|   100021  1,3,4      38023/udp6  nlockmgr
|   100021  1,3,4      39601/tcp   nlockmgr
|   100021  1,3,4      46713/tcp6  nlockmgr
|   100021  1,3,4      52457/udp   nlockmgr
|   100227  3           2049/tcp   nfs_acl
|   100227  3           2049/tcp6  nfs_acl
|   100227  3           2049/udp   nfs_acl
|_  100227  3           2049/udp6  nfs_acl
2049/tcp  open  nfs      syn-ack 3-4 (RPC #100003)
39601/tcp open  nlockmgr syn-ack 1-4 (RPC #100021)
56807/tcp open  mountd   syn-ack 1-3 (RPC #100005)
57363/tcp open  mountd   syn-ack 1-3 (RPC #100005)
60173/tcp open  mountd   syn-ack 1-3 (RPC #100005)
Service Info: OS: Linux; CPE: cpe:/o:linux:linux_kernel

Read data files from: /usr/bin/../share/nmap
Service detection performed. Please report any incorrect results at https://nmap.org/submit/ .
# Nmap done at Wed May 22 18:11:09 2024 -- 1 IP address (1 host up) scanned in 3482.84 seconds
